<?xml version="1.0" encoding="UTF-8"?>
<testsuite name="test.java.WhiteBoxGiven" tests="1" skipped="0" failures="0" errors="0" timestamp="2020-04-22T21:34:13" hostname="LAPTOP-SRH1PEK6" time="0.002">
  <properties/>
  <testcase name="getTax" classname="test.java.WhiteBoxGiven" time="0.002"/>
  <system-out><![CDATA[]]></system-out>
  <system-err><![CDATA[]]></system-err>
</testsuite>
