<?xml version="1.0" encoding="UTF-8"?>
<testsuite name="test.java.WhiteBoxGiven" tests="1" skipped="0" failures="0" errors="0" timestamp="2020-02-11T00:10:03" hostname="LAPTOP-SRH1PEK6" time="0.003">
  <properties/>
  <testcase name="getTax" classname="test.java.WhiteBoxGiven" time="0.003"/>
  <system-out><![CDATA[]]></system-out>
  <system-err><![CDATA[]]></system-err>
</testsuite>
